time="2023-11-09T15:51:06Z" level=info msg="Traefik version 2.10.5 built on 2023-10-11T13:54:02Z"
time="2023-11-09T15:51:06Z" level=info msg="\nStats collection is disabled.\nHelp us improve Traefik by turning this feature on :)\nMore details on: https://doc.traefik.io/traefik/contributing/data-collection/\n"
time="2023-11-09T15:51:06Z" level=info msg="Starting provider aggregator aggregator.ProviderAggregator"
time="2023-11-09T15:51:06Z" level=info msg="Starting provider *file.Provider"
time="2023-11-09T15:51:06Z" level=info msg="Starting provider *traefik.Provider"
time="2023-11-09T15:51:06Z" level=info msg="Starting provider *docker.Provider"
time="2023-11-09T15:51:06Z" level=info msg="Starting provider *acme.ChallengeTLSALPN"
time="2023-11-09T15:51:06Z" level=info msg="Starting provider *acme.Provider"
time="2023-11-09T15:51:06Z" level=info msg="Testing certificate renew..." providerName=letsencrypt.acme ACME CA="https://acme-v02.api.letsencrypt.org/directory"
time="2023-11-09T15:51:08Z" level=warning msg="Defaulting to first available network (&{\"traefik_default\" \"172.20.0.2\" '\\x00' \"\" \"762c6ab4eeb3ffeb513420c20d9a3f8c6f61ac2ee51f3d873a0cde6a39535ebe\"}) for container \"/demo1-service\"." providerName=docker container=demo1-traefik-bc61dd7abe708a396c4eb9682d0291ae27f8e2825cd77d7807877af2e8c229c0 serviceName=demo1-traefik
time="2023-11-09T16:12:07Z" level=info msg="I have to go..."
time="2023-11-09T16:12:07Z" level=info msg="Stopping server gracefully"
time="2023-11-09T16:12:07Z" level=error msg="accept tcp [::]:443: use of closed network connection" entryPointName=websecure
time="2023-11-09T16:12:07Z" level=error msg="Error while starting server: accept tcp [::]:443: use of closed network connection" entryPointName=websecure
time="2023-11-09T16:12:07Z" level=error msg="accept tcp [::]:80: use of closed network connection" entryPointName=web
time="2023-11-09T16:12:07Z" level=error msg="Error while starting server: accept tcp [::]:80: use of closed network connection" entryPointName=web
time="2023-11-09T16:12:08Z" level=info msg="Server stopped"
time="2023-11-09T16:12:08Z" level=info msg="Shutting down"
time="2023-11-09T16:12:30Z" level=info msg="Traefik version 2.10.5 built on 2023-10-11T13:54:02Z"
time="2023-11-09T16:12:30Z" level=info msg="\nStats collection is disabled.\nHelp us improve Traefik by turning this feature on :)\nMore details on: https://doc.traefik.io/traefik/contributing/data-collection/\n"
time="2023-11-09T16:12:30Z" level=info msg="Starting provider aggregator aggregator.ProviderAggregator"
time="2023-11-09T16:12:30Z" level=info msg="Starting provider *file.Provider"
time="2023-11-09T16:12:30Z" level=info msg="Starting provider *traefik.Provider"
time="2023-11-09T16:12:30Z" level=info msg="Starting provider *docker.Provider"
time="2023-11-09T16:12:30Z" level=info msg="Starting provider *acme.ChallengeTLSALPN"
time="2023-11-09T16:12:30Z" level=info msg="Starting provider *acme.Provider"
time="2023-11-09T16:12:30Z" level=info msg="Testing certificate renew..." providerName=letsencrypt.acme ACME CA="https://acme-v02.api.letsencrypt.org/directory"
time="2023-11-09T16:19:00Z" level=error msg="Unable to obtain ACME certificate for domains \"servicio1.max-paloma-babbie.xyz\": cannot get ACME client cloudflare: some credentials information are missing: CLOUDFLARE_EMAIL,CLOUDFLARE_API_KEY or some credentials information are missing: CLOUDFLARE_DNS_API_TOKEN,CLOUDFLARE_ZONE_API_TOKEN" providerName=letsencrypt.acme ACME CA="https://acme-v02.api.letsencrypt.org/directory" routerName=demo1@docker rule="Host(`servicio1.max-paloma-babbie.xyz`)"
time="2023-11-09T16:20:01Z" level=error msg="Unable to obtain ACME certificate for domains \"apps.max-paloma-babbie.xyz\": cannot get ACME client cloudflare: some credentials information are missing: CLOUDFLARE_EMAIL,CLOUDFLARE_API_KEY or some credentials information are missing: CLOUDFLARE_DNS_API_TOKEN,CLOUDFLARE_ZONE_API_TOKEN" ACME CA="https://acme-v02.api.letsencrypt.org/directory" rule="Host(`apps.max-paloma-babbie.xyz`)" routerName=demo1@docker providerName=letsencrypt.acme
time="2023-11-09T16:24:48Z" level=error msg="Unable to obtain ACME certificate for domains \"apps.max-paloma-babbie.xyz\": cannot get ACME client cloudflare: some credentials information are missing: CLOUDFLARE_EMAIL,CLOUDFLARE_API_KEY or some credentials information are missing: CLOUDFLARE_DNS_API_TOKEN,CLOUDFLARE_ZONE_API_TOKEN" ACME CA="https://acme-v02.api.letsencrypt.org/directory" routerName=demo1@docker rule="Host(`apps.max-paloma-babbie.xyz`)" providerName=letsencrypt.acme
time="2023-11-09T16:27:07Z" level=error msg="Unable to obtain ACME certificate for domains \"apps.max-paloma-babbie.xyz\": cannot get ACME client cloudflare: some credentials information are missing: CLOUDFLARE_EMAIL,CLOUDFLARE_API_KEY or some credentials information are missing: CLOUDFLARE_DNS_API_TOKEN,CLOUDFLARE_ZONE_API_TOKEN" rule="Host(`apps.max-paloma-babbie.xyz`)" providerName=letsencrypt.acme ACME CA="https://acme-v02.api.letsencrypt.org/directory" routerName=demo1@docker
time="2023-11-09T16:28:35Z" level=error msg="Unable to obtain ACME certificate for domains \"apps.max-paloma-babbie.xyz\": cannot get ACME client cloudflare: some credentials information are missing: CLOUDFLARE_EMAIL,CLOUDFLARE_API_KEY or some credentials information are missing: CLOUDFLARE_DNS_API_TOKEN,CLOUDFLARE_ZONE_API_TOKEN" ACME CA="https://acme-v02.api.letsencrypt.org/directory" routerName=demo1@docker rule="Host(`apps.max-paloma-babbie.xyz`)" providerName=letsencrypt.acme
time="2023-11-09T16:34:36Z" level=error msg="Unable to obtain ACME certificate for domains \"apps.max-paloma-babbie.xyz\": cannot get ACME client cloudflare: some credentials information are missing: CLOUDFLARE_EMAIL,CLOUDFLARE_API_KEY or some credentials information are missing: CLOUDFLARE_DNS_API_TOKEN,CLOUDFLARE_ZONE_API_TOKEN" rule="Host(`apps.max-paloma-babbie.xyz`)" providerName=letsencrypt.acme ACME CA="https://acme-v02.api.letsencrypt.org/directory" routerName=demo1@docker
time="2023-11-09T16:59:51Z" level=error msg="Router defined multiple times with different configurations in [demo1-proydemo-2547ba0e173b0a99b3eb388e6089a20b94e6a380158c704a61b6cad499441e39 traefik-traefik-4d07d0ebad47c28868c10d68ea4c7c40f1b5a9b4b1c579f857b11b12c75cb787]" providerName=docker routerName=traefik-secure
time="2023-11-09T16:59:52Z" level=error msg="Unable to obtain ACME certificate for domains \"apps.max-paloma-babbie.xyz\": cannot get ACME client cloudflare: some credentials information are missing: CLOUDFLARE_EMAIL,CLOUDFLARE_API_KEY or some credentials information are missing: CLOUDFLARE_DNS_API_TOKEN,CLOUDFLARE_ZONE_API_TOKEN" providerName=letsencrypt.acme ACME CA="https://acme-v02.api.letsencrypt.org/directory" routerName=websecure-demo1@docker rule="Host(`apps.max-paloma-babbie.xyz`)"
time="2023-11-09T17:01:23Z" level=error msg="Unable to obtain ACME certificate for domains \"apps.max-paloma-babbie.xyz\": cannot get ACME client cloudflare: some credentials information are missing: CLOUDFLARE_EMAIL,CLOUDFLARE_API_KEY or some credentials information are missing: CLOUDFLARE_DNS_API_TOKEN,CLOUDFLARE_ZONE_API_TOKEN" providerName=letsencrypt.acme ACME CA="https://acme-v02.api.letsencrypt.org/directory" rule="Host(`apps.max-paloma-babbie.xyz`)" routerName=websecure-demo1@docker
time="2023-11-09T17:05:46Z" level=info msg="I have to go..."
time="2023-11-09T17:05:46Z" level=info msg="Stopping server gracefully"
time="2023-11-09T17:05:46Z" level=error msg="accept tcp [::]:443: use of closed network connection" entryPointName=websecure
time="2023-11-09T17:05:46Z" level=error msg="accept tcp [::]:80: use of closed network connection" entryPointName=web
time="2023-11-09T17:05:46Z" level=error msg="Error while starting server: accept tcp [::]:80: use of closed network connection" entryPointName=web
time="2023-11-09T17:05:47Z" level=error msg="close tcp [::]:443: use of closed network connection" entryPointName=websecure
time="2023-11-09T17:05:47Z" level=info msg="Server stopped"
time="2023-11-09T17:05:47Z" level=info msg="Shutting down"
time="2023-11-09T17:05:57Z" level=info msg="Traefik version 2.10.5 built on 2023-10-11T13:54:02Z"
time="2023-11-09T17:05:57Z" level=info msg="\nStats collection is disabled.\nHelp us improve Traefik by turning this feature on :)\nMore details on: https://doc.traefik.io/traefik/contributing/data-collection/\n"
time="2023-11-09T17:05:57Z" level=info msg="Starting provider aggregator aggregator.ProviderAggregator"
time="2023-11-09T17:05:57Z" level=info msg="Starting provider *file.Provider"
time="2023-11-09T17:05:57Z" level=info msg="Starting provider *traefik.Provider"
time="2023-11-09T17:05:57Z" level=info msg="Starting provider *docker.Provider"
time="2023-11-09T17:05:57Z" level=info msg="Starting provider *acme.ChallengeTLSALPN"
time="2023-11-09T17:05:57Z" level=info msg="Starting provider *acme.Provider"
time="2023-11-09T17:05:57Z" level=info msg="Testing certificate renew..." providerName=letsencrypt.acme ACME CA="https://acme-v02.api.letsencrypt.org/directory"
time="2023-11-09T17:05:58Z" level=error msg="Unable to obtain ACME certificate for domains \"apps.max-paloma-babbie.xyz\": cannot get ACME client cloudflare: some credentials information are missing: CLOUDFLARE_EMAIL,CLOUDFLARE_API_KEY or some credentials information are missing: CLOUDFLARE_DNS_API_TOKEN,CLOUDFLARE_ZONE_API_TOKEN" providerName=letsencrypt.acme ACME CA="https://acme-v02.api.letsencrypt.org/directory" routerName=websecure-demo1@docker rule="Host(`apps.max-paloma-babbie.xyz`)"
time="2023-11-09T17:12:11Z" level=info msg="I have to go..."
time="2023-11-09T17:12:11Z" level=info msg="Stopping server gracefully"
time="2023-11-09T17:12:11Z" level=error msg="accept tcp [::]:443: use of closed network connection" entryPointName=websecure
time="2023-11-09T17:12:11Z" level=error msg="Error while starting server: accept tcp [::]:443: use of closed network connection" entryPointName=websecure
time="2023-11-09T17:12:11Z" level=error msg="accept tcp [::]:80: use of closed network connection" entryPointName=web
time="2023-11-09T17:12:11Z" level=error msg="close tcp [::]:80: use of closed network connection" entryPointName=web
time="2023-11-09T17:12:11Z" level=info msg="Server stopped"
time="2023-11-09T17:12:11Z" level=info msg="Shutting down"
time="2023-11-09T17:12:20Z" level=info msg="Traefik version 2.10.5 built on 2023-10-11T13:54:02Z"
time="2023-11-09T17:12:20Z" level=info msg="\nStats collection is disabled.\nHelp us improve Traefik by turning this feature on :)\nMore details on: https://doc.traefik.io/traefik/contributing/data-collection/\n"
time="2023-11-09T17:12:20Z" level=info msg="Starting provider aggregator aggregator.ProviderAggregator"
time="2023-11-09T17:12:20Z" level=info msg="Starting provider *file.Provider"
time="2023-11-09T17:12:20Z" level=info msg="Starting provider *traefik.Provider"
time="2023-11-09T17:12:20Z" level=info msg="Starting provider *docker.Provider"
time="2023-11-09T17:12:20Z" level=info msg="Starting provider *acme.ChallengeTLSALPN"
time="2023-11-09T17:12:20Z" level=info msg="Starting provider *acme.Provider"
time="2023-11-09T17:12:20Z" level=info msg="Testing certificate renew..." ACME CA="https://acme-v02.api.letsencrypt.org/directory" providerName=letsencrypt.acme
time="2023-11-09T17:12:20Z" level=error msg="Unable to obtain ACME certificate for domains \"apps.max-paloma-babbie.xyz\": cannot get ACME client cloudflare: some credentials information are missing: CLOUDFLARE_EMAIL,CLOUDFLARE_API_KEY or some credentials information are missing: CLOUDFLARE_DNS_API_TOKEN,CLOUDFLARE_ZONE_API_TOKEN" rule="Host(`apps.max-paloma-babbie.xyz`)" ACME CA="https://acme-v02.api.letsencrypt.org/directory" providerName=letsencrypt.acme routerName=websecure-demo1@docker
time="2023-11-09T17:14:15Z" level=info msg="I have to go..."
time="2023-11-09T17:14:15Z" level=info msg="Stopping server gracefully"
time="2023-11-09T17:14:15Z" level=error msg="accept tcp [::]:80: use of closed network connection" entryPointName=web
time="2023-11-09T17:14:15Z" level=error msg="Error while starting server: accept tcp [::]:80: use of closed network connection" entryPointName=web
time="2023-11-09T17:14:15Z" level=error msg="accept tcp [::]:443: use of closed network connection" entryPointName=websecure
time="2023-11-09T17:14:15Z" level=error msg="Error while starting server: accept tcp [::]:443: use of closed network connection" entryPointName=websecure
time="2023-11-09T17:14:17Z" level=info msg="Server stopped"
time="2023-11-09T17:14:17Z" level=info msg="Shutting down"
time="2023-11-09T17:14:25Z" level=info msg="Traefik version 2.10.5 built on 2023-10-11T13:54:02Z"
time="2023-11-09T17:14:25Z" level=info msg="\nStats collection is disabled.\nHelp us improve Traefik by turning this feature on :)\nMore details on: https://doc.traefik.io/traefik/contributing/data-collection/\n"
time="2023-11-09T17:14:25Z" level=info msg="Starting provider aggregator aggregator.ProviderAggregator"
time="2023-11-09T17:14:25Z" level=info msg="Starting provider *file.Provider"
time="2023-11-09T17:14:25Z" level=info msg="Starting provider *traefik.Provider"
time="2023-11-09T17:14:25Z" level=info msg="Starting provider *docker.Provider"
time="2023-11-09T17:14:25Z" level=info msg="Starting provider *acme.ChallengeTLSALPN"
time="2023-11-09T17:14:25Z" level=info msg="Starting provider *acme.Provider"
time="2023-11-09T17:14:25Z" level=info msg="Testing certificate renew..." ACME CA="https://acme-v02.api.letsencrypt.org/directory" providerName=letsencrypt.acme
time="2023-11-09T17:14:26Z" level=error msg="Unable to obtain ACME certificate for domains \"apps.max-paloma-babbie.xyz\": cannot get ACME client cloudflare: some credentials information are missing: CLOUDFLARE_EMAIL,CLOUDFLARE_API_KEY or some credentials information are missing: CLOUDFLARE_DNS_API_TOKEN,CLOUDFLARE_ZONE_API_TOKEN" providerName=letsencrypt.acme ACME CA="https://acme-v02.api.letsencrypt.org/directory" routerName=websecure-demo1@docker rule="Host(`apps.max-paloma-babbie.xyz`)"
time="2023-11-09T17:16:16Z" level=info msg="I have to go..."
time="2023-11-09T17:16:16Z" level=info msg="Stopping server gracefully"
time="2023-11-09T17:16:16Z" level=error msg="accept tcp [::]:443: use of closed network connection" entryPointName=websecure
time="2023-11-09T17:16:16Z" level=error msg="Error while starting server: accept tcp [::]:443: use of closed network connection" entryPointName=websecure
time="2023-11-09T17:16:16Z" level=error msg="accept tcp [::]:80: use of closed network connection" entryPointName=web
time="2023-11-09T17:16:16Z" level=error msg="close tcp [::]:80: use of closed network connection" entryPointName=web
time="2023-11-09T17:16:17Z" level=info msg="Server stopped"
time="2023-11-09T17:16:17Z" level=info msg="Shutting down"
time="2023-11-09T17:16:27Z" level=info msg="Traefik version 2.10.5 built on 2023-10-11T13:54:02Z"
time="2023-11-09T17:16:27Z" level=info msg="\nStats collection is disabled.\nHelp us improve Traefik by turning this feature on :)\nMore details on: https://doc.traefik.io/traefik/contributing/data-collection/\n"
time="2023-11-09T17:16:27Z" level=info msg="Starting provider aggregator aggregator.ProviderAggregator"
time="2023-11-09T17:16:27Z" level=info msg="Starting provider *file.Provider"
time="2023-11-09T17:16:27Z" level=info msg="Starting provider *traefik.Provider"
time="2023-11-09T17:16:27Z" level=info msg="Starting provider *docker.Provider"
time="2023-11-09T17:16:27Z" level=info msg="Starting provider *acme.ChallengeTLSALPN"
time="2023-11-09T17:16:27Z" level=info msg="Starting provider *acme.Provider"
time="2023-11-09T17:16:27Z" level=info msg="Testing certificate renew..." providerName=letsencrypt.acme ACME CA="https://acme-v02.api.letsencrypt.org/directory"
time="2023-11-09T17:16:29Z" level=error msg="Unable to obtain ACME certificate for domains \"apps.max-paloma-babbie.xyz\": cannot get ACME client cloudflare: some credentials information are missing: CLOUDFLARE_EMAIL,CLOUDFLARE_API_KEY or some credentials information are missing: CLOUDFLARE_DNS_API_TOKEN,CLOUDFLARE_ZONE_API_TOKEN" providerName=letsencrypt.acme ACME CA="https://acme-v02.api.letsencrypt.org/directory" rule="Host(`apps.max-paloma-babbie.xyz`)" routerName=websecure-demo1@docker
time="2023-11-09T17:19:28Z" level=info msg="I have to go..."
time="2023-11-09T17:19:28Z" level=info msg="Stopping server gracefully"
time="2023-11-09T17:19:28Z" level=error msg="accept tcp [::]:80: use of closed network connection" entryPointName=web
time="2023-11-09T17:19:28Z" level=error msg="Error while starting server: accept tcp [::]:80: use of closed network connection" entryPointName=web
time="2023-11-09T17:19:28Z" level=error msg="accept tcp [::]:443: use of closed network connection" entryPointName=websecure
time="2023-11-09T17:19:28Z" level=error msg="Error while starting server: accept tcp [::]:443: use of closed network connection" entryPointName=websecure
time="2023-11-09T17:19:29Z" level=info msg="Server stopped"
time="2023-11-09T17:19:29Z" level=info msg="Shutting down"
time="2023-11-09T17:19:49Z" level=info msg="Traefik version 2.10.5 built on 2023-10-11T13:54:02Z"
time="2023-11-09T17:19:49Z" level=info msg="\nStats collection is disabled.\nHelp us improve Traefik by turning this feature on :)\nMore details on: https://doc.traefik.io/traefik/contributing/data-collection/\n"
time="2023-11-09T17:19:49Z" level=info msg="Starting provider aggregator aggregator.ProviderAggregator"
time="2023-11-09T17:19:49Z" level=info msg="Starting provider *file.Provider"
time="2023-11-09T17:19:49Z" level=info msg="Starting provider *traefik.Provider"
time="2023-11-09T17:19:49Z" level=info msg="Starting provider *docker.Provider"
time="2023-11-09T17:19:49Z" level=info msg="Starting provider *acme.ChallengeTLSALPN"
time="2023-11-09T17:19:49Z" level=info msg="Starting provider *acme.Provider"
time="2023-11-09T17:19:49Z" level=info msg="Testing certificate renew..." providerName=letsencrypt.acme ACME CA="https://acme-v02.api.letsencrypt.org/directory"
time="2023-11-09T17:19:49Z" level=error msg="Unable to obtain ACME certificate for domains \"apps.max-paloma-babbie.xyz\": cannot get ACME client cloudflare: some credentials information are missing: CLOUDFLARE_EMAIL,CLOUDFLARE_API_KEY or some credentials information are missing: CLOUDFLARE_DNS_API_TOKEN,CLOUDFLARE_ZONE_API_TOKEN" ACME CA="https://acme-v02.api.letsencrypt.org/directory" rule="Host(`apps.max-paloma-babbie.xyz`)" routerName=websecure-demo1@docker providerName=letsencrypt.acme
time="2023-11-09T17:21:13Z" level=error msg="Unable to obtain ACME certificate for domains \"servicio1.max-paloma-babbie.xyz\": cannot get ACME client cloudflare: some credentials information are missing: CLOUDFLARE_EMAIL,CLOUDFLARE_API_KEY or some credentials information are missing: CLOUDFLARE_DNS_API_TOKEN,CLOUDFLARE_ZONE_API_TOKEN" routerName=demo1@docker rule="(Host(`servicio1.max-paloma-babbie.xyz` ) && PathPrefix(`/hola`))" providerName=letsencrypt.acme ACME CA="https://acme-v02.api.letsencrypt.org/directory"
time="2023-11-09T17:23:02Z" level=error msg="Unable to obtain ACME certificate for domains \"apps.max-paloma-babbie.xyz\": cannot get ACME client cloudflare: some credentials information are missing: CLOUDFLARE_EMAIL,CLOUDFLARE_API_KEY or some credentials information are missing: CLOUDFLARE_DNS_API_TOKEN,CLOUDFLARE_ZONE_API_TOKEN" ACME CA="https://acme-v02.api.letsencrypt.org/directory" routerName=demo1@docker rule="(Host(`apps.max-paloma-babbie.xyz` ) && PathPrefix(`/hola`))" providerName=letsencrypt.acme
time="2023-11-09T17:30:13Z" level=error msg="service \"demo1-proydemo\" error: port is missing" container=demo1-proydemo-053937c721ec55391195b9f013d5123ea781eaa8688995e97f9facdb9fc66cc9 providerName=docker
time="2023-11-09T17:31:19Z" level=error msg="Unable to obtain ACME certificate for domains \"apps.max-paloma-babbie.xyz\": cannot get ACME client cloudflare: some credentials information are missing: CLOUDFLARE_EMAIL,CLOUDFLARE_API_KEY or some credentials information are missing: CLOUDFLARE_DNS_API_TOKEN,CLOUDFLARE_ZONE_API_TOKEN" providerName=letsencrypt.acme ACME CA="https://acme-v02.api.letsencrypt.org/directory" routerName=demo1@docker rule="(Host(`apps.max-paloma-babbie.xyz` ) && PathPrefix(`/hola`))"
time="2023-11-09T18:00:30Z" level=error msg="Unable to obtain ACME certificate for domains \"apps.max-paloma-babbie.xyz\": cannot get ACME client cloudflare: some credentials information are missing: CLOUDFLARE_EMAIL,CLOUDFLARE_API_KEY or some credentials information are missing: CLOUDFLARE_DNS_API_TOKEN,CLOUDFLARE_ZONE_API_TOKEN" providerName=letsencrypt.acme ACME CA="https://acme-v02.api.letsencrypt.org/directory" routerName=demo1@docker rule="(Host(`apps.max-paloma-babbie.xyz` ) && PathPrefix(`/v1`))"
time="2023-11-09T18:00:37Z" level=error msg="Unable to obtain ACME certificate for domains \"apps.max-paloma-babbie.xyz\": cannot get ACME client cloudflare: some credentials information are missing: CLOUDFLARE_EMAIL,CLOUDFLARE_API_KEY or some credentials information are missing: CLOUDFLARE_DNS_API_TOKEN,CLOUDFLARE_ZONE_API_TOKEN" rule="(Host(`apps.max-paloma-babbie.xyz` ) && PathPrefix(`/v2`))" providerName=letsencrypt.acme ACME CA="https://acme-v02.api.letsencrypt.org/directory" routerName=demo2@docker
time="2023-11-09T18:01:45Z" level=error msg="Unable to obtain ACME certificate for domains \"apps.max-paloma-babbie.xyz\": cannot get ACME client cloudflare: some credentials information are missing: CLOUDFLARE_EMAIL,CLOUDFLARE_API_KEY or some credentials information are missing: CLOUDFLARE_DNS_API_TOKEN,CLOUDFLARE_ZONE_API_TOKEN" ACME CA="https://acme-v02.api.letsencrypt.org/directory" routerName=demo1@docker rule="(Host(`apps.max-paloma-babbie.xyz` ) && PathPrefix(`/v1`))" providerName=letsencrypt.acme
time="2023-11-09T18:02:43Z" level=error msg="Unable to obtain ACME certificate for domains \"apps.max-paloma-babbie.xyz\": cannot get ACME client cloudflare: some credentials information are missing: CLOUDFLARE_EMAIL,CLOUDFLARE_API_KEY or some credentials information are missing: CLOUDFLARE_DNS_API_TOKEN,CLOUDFLARE_ZONE_API_TOKEN" routerName=demo1@docker rule="(Host(`apps.max-paloma-babbie.xyz` ) && PathPrefix(`/v1`))" providerName=letsencrypt.acme ACME CA="https://acme-v02.api.letsencrypt.org/directory"
time="2023-11-09T18:02:49Z" level=error msg="Unable to obtain ACME certificate for domains \"apps.max-paloma-babbie.xyz\": cannot get ACME client cloudflare: some credentials information are missing: CLOUDFLARE_EMAIL,CLOUDFLARE_API_KEY or some credentials information are missing: CLOUDFLARE_DNS_API_TOKEN,CLOUDFLARE_ZONE_API_TOKEN" rule="(Host(`apps.max-paloma-babbie.xyz` ) && PathPrefix(`/v1`))" providerName=letsencrypt.acme ACME CA="https://acme-v02.api.letsencrypt.org/directory" routerName=demo1@docker
time="2023-11-09T19:06:45Z" level=error msg="Unable to obtain ACME certificate for domains \"apps.max-paloma-babbie.xyz\": cannot get ACME client cloudflare: some credentials information are missing: CLOUDFLARE_EMAIL,CLOUDFLARE_API_KEY or some credentials information are missing: CLOUDFLARE_DNS_API_TOKEN,CLOUDFLARE_ZONE_API_TOKEN" providerName=letsencrypt.acme ACME CA="https://acme-v02.api.letsencrypt.org/directory" routerName=front1@docker rule="(Host(`apps.max-paloma-babbie.xyz` ) && PathPrefix(`/f1`))"
time="2023-11-09T19:10:12Z" level=error msg="Unable to obtain ACME certificate for domains \"apps.max-paloma-babbie.xyz\": cannot get ACME client cloudflare: some credentials information are missing: CLOUDFLARE_EMAIL,CLOUDFLARE_API_KEY or some credentials information are missing: CLOUDFLARE_DNS_API_TOKEN,CLOUDFLARE_ZONE_API_TOKEN" rule="(Host(`apps.max-paloma-babbie.xyz` ) && PathPrefix(`/v1`))" providerName=letsencrypt.acme ACME CA="https://acme-v02.api.letsencrypt.org/directory" routerName=demo1@docker
time="2023-11-09T19:14:19Z" level=error msg="Unable to obtain ACME certificate for domains \"apps.max-paloma-babbie.xyz\": cannot get ACME client cloudflare: some credentials information are missing: CLOUDFLARE_EMAIL,CLOUDFLARE_API_KEY or some credentials information are missing: CLOUDFLARE_DNS_API_TOKEN,CLOUDFLARE_ZONE_API_TOKEN" ACME CA="https://acme-v02.api.letsencrypt.org/directory" routerName=demo2@docker rule="(Host(`apps.max-paloma-babbie.xyz` ) && PathPrefix(`/v2`))" providerName=letsencrypt.acme
time="2023-11-09T19:15:24Z" level=error msg="Unable to obtain ACME certificate for domains \"apps.max-paloma-babbie.xyz\": cannot get ACME client cloudflare: some credentials information are missing: CLOUDFLARE_EMAIL,CLOUDFLARE_API_KEY or some credentials information are missing: CLOUDFLARE_DNS_API_TOKEN,CLOUDFLARE_ZONE_API_TOKEN" providerName=letsencrypt.acme ACME CA="https://acme-v02.api.letsencrypt.org/directory" routerName=front1@docker rule="Host(`apps.max-paloma-babbie.xyz`)"
time="2023-11-09T19:16:25Z" level=error msg="Unable to obtain ACME certificate for domains \"apps.max-paloma-babbie.xyz\": cannot get ACME client cloudflare: some credentials information are missing: CLOUDFLARE_EMAIL,CLOUDFLARE_API_KEY or some credentials information are missing: CLOUDFLARE_DNS_API_TOKEN,CLOUDFLARE_ZONE_API_TOKEN" routerName=front1@docker rule="(Host(`apps.max-paloma-babbie.xyz` ) && PathPrefix(`/f1`))" providerName=letsencrypt.acme ACME CA="https://acme-v02.api.letsencrypt.org/directory"
time="2023-11-09T19:38:36Z" level=error msg="Unable to obtain ACME certificate for domains \"apps.max-paloma-babbie.xyz\": cannot get ACME client cloudflare: some credentials information are missing: CLOUDFLARE_EMAIL,CLOUDFLARE_API_KEY or some credentials information are missing: CLOUDFLARE_DNS_API_TOKEN,CLOUDFLARE_ZONE_API_TOKEN" rule="(Host(`apps.max-paloma-babbie.xyz` ) && PathPrefix(`/f1`))" providerName=letsencrypt.acme ACME CA="https://acme-v02.api.letsencrypt.org/directory" routerName=front1@docker
time="2023-11-09T19:39:22Z" level=error msg="Unable to obtain ACME certificate for domains \"apps.max-paloma-babbie.xyz\": cannot get ACME client cloudflare: some credentials information are missing: CLOUDFLARE_EMAIL,CLOUDFLARE_API_KEY or some credentials information are missing: CLOUDFLARE_DNS_API_TOKEN,CLOUDFLARE_ZONE_API_TOKEN" routerName=front1@docker rule="(Host(`apps.max-paloma-babbie.xyz` ) && PathPrefix(`/demofront`))" ACME CA="https://acme-v02.api.letsencrypt.org/directory" providerName=letsencrypt.acme
time="2023-11-09T22:14:06Z" level=error msg="Unable to obtain ACME certificate for domains \"apps.max-paloma-babbie.xyz\": cannot get ACME client cloudflare: some credentials information are missing: CLOUDFLARE_EMAIL,CLOUDFLARE_API_KEY or some credentials information are missing: CLOUDFLARE_DNS_API_TOKEN,CLOUDFLARE_ZONE_API_TOKEN" ACME CA="https://acme-v02.api.letsencrypt.org/directory" routerName=front1@docker rule="(Host(`apps.max-paloma-babbie.xyz` ) && PathPrefix(`/demofront`))" providerName=letsencrypt.acme
time="2023-11-09T22:22:50Z" level=error msg="Unable to obtain ACME certificate for domains \"apps.max-paloma-babbie.xyz\": cannot get ACME client cloudflare: some credentials information are missing: CLOUDFLARE_EMAIL,CLOUDFLARE_API_KEY or some credentials information are missing: CLOUDFLARE_DNS_API_TOKEN,CLOUDFLARE_ZONE_API_TOKEN" routerName=front2@docker rule="(Host(`apps.max-paloma-babbie.xyz` ) && PathPrefix(`/demoapps`))" providerName=letsencrypt.acme ACME CA="https://acme-v02.api.letsencrypt.org/directory"
time="2023-11-09T22:23:13Z" level=error msg="Unable to obtain ACME certificate for domains \"apps.max-paloma-babbie.xyz\": cannot get ACME client cloudflare: some credentials information are missing: CLOUDFLARE_EMAIL,CLOUDFLARE_API_KEY or some credentials information are missing: CLOUDFLARE_DNS_API_TOKEN,CLOUDFLARE_ZONE_API_TOKEN" providerName=letsencrypt.acme ACME CA="https://acme-v02.api.letsencrypt.org/directory" routerName=front1@docker rule="(Host(`apps.max-paloma-babbie.xyz` ) && PathPrefix(`/demofront`))"
time="2023-11-09T22:23:24Z" level=error msg="Unable to obtain ACME certificate for domains \"apps.max-paloma-babbie.xyz\": cannot get ACME client cloudflare: some credentials information are missing: CLOUDFLARE_EMAIL,CLOUDFLARE_API_KEY or some credentials information are missing: CLOUDFLARE_DNS_API_TOKEN,CLOUDFLARE_ZONE_API_TOKEN" ACME CA="https://acme-v02.api.letsencrypt.org/directory" providerName=letsencrypt.acme routerName=front2@docker rule="(Host(`apps.max-paloma-babbie.xyz` ) && PathPrefix(`/demoapps`))"
time="2023-11-09T22:38:51Z" level=error msg="Unable to obtain ACME certificate for domains \"apps.max-paloma-babbie.xyz\": cannot get ACME client cloudflare: some credentials information are missing: CLOUDFLARE_EMAIL,CLOUDFLARE_API_KEY or some credentials information are missing: CLOUDFLARE_DNS_API_TOKEN,CLOUDFLARE_ZONE_API_TOKEN" routerName=front1@docker rule="(Host(`apps.max-paloma-babbie.xyz` ) && PathPrefix(`/demofront`))" providerName=letsencrypt.acme ACME CA="https://acme-v02.api.letsencrypt.org/directory"
time="2023-11-09T22:39:01Z" level=error msg="Unable to obtain ACME certificate for domains \"apps.max-paloma-babbie.xyz\": cannot get ACME client cloudflare: some credentials information are missing: CLOUDFLARE_EMAIL,CLOUDFLARE_API_KEY or some credentials information are missing: CLOUDFLARE_DNS_API_TOKEN,CLOUDFLARE_ZONE_API_TOKEN" providerName=letsencrypt.acme ACME CA="https://acme-v02.api.letsencrypt.org/directory" routerName=front1@docker rule="(Host(`apps.max-paloma-babbie.xyz` ) && PathPrefix(`/demofront`))"
time="2023-11-09T22:39:03Z" level=error msg="Unable to obtain ACME certificate for domains \"apps.max-paloma-babbie.xyz\": cannot get ACME client cloudflare: some credentials information are missing: CLOUDFLARE_EMAIL,CLOUDFLARE_API_KEY or some credentials information are missing: CLOUDFLARE_DNS_API_TOKEN,CLOUDFLARE_ZONE_API_TOKEN" ACME CA="https://acme-v02.api.letsencrypt.org/directory" rule="(Host(`apps.max-paloma-babbie.xyz` ) && PathPrefix(`/demofront`))" routerName=front1@docker providerName=letsencrypt.acme
time="2023-11-09T22:49:19Z" level=error msg="Unable to obtain ACME certificate for domains \"apps.max-paloma-babbie.xyz\": cannot get ACME client cloudflare: some credentials information are missing: CLOUDFLARE_EMAIL,CLOUDFLARE_API_KEY or some credentials information are missing: CLOUDFLARE_DNS_API_TOKEN,CLOUDFLARE_ZONE_API_TOKEN" ACME CA="https://acme-v02.api.letsencrypt.org/directory" routerName=front2@docker rule="(Host(`apps.max-paloma-babbie.xyz` ) && PathPrefix(`/demoapps`))" providerName=letsencrypt.acme
time="2023-11-09T22:51:32Z" level=error msg="Unable to obtain ACME certificate for domains \"apps.max-paloma-babbie.xyz\": cannot get ACME client cloudflare: some credentials information are missing: CLOUDFLARE_EMAIL,CLOUDFLARE_API_KEY or some credentials information are missing: CLOUDFLARE_DNS_API_TOKEN,CLOUDFLARE_ZONE_API_TOKEN" rule="(Host(`apps.max-paloma-babbie.xyz` ) && PathPrefix(`/demoapps`))" providerName=letsencrypt.acme ACME CA="https://acme-v02.api.letsencrypt.org/directory" routerName=front2@docker
time="2023-11-09T22:52:18Z" level=error msg="Unable to obtain ACME certificate for domains \"apps.max-paloma-babbie.xyz\": cannot get ACME client cloudflare: some credentials information are missing: CLOUDFLARE_EMAIL,CLOUDFLARE_API_KEY or some credentials information are missing: CLOUDFLARE_DNS_API_TOKEN,CLOUDFLARE_ZONE_API_TOKEN" providerName=letsencrypt.acme ACME CA="https://acme-v02.api.letsencrypt.org/directory" rule="(Host(`apps.max-paloma-babbie.xyz` ) && PathPrefix(`/demoapps`))" routerName=front2@docker
time="2023-11-09T22:53:25Z" level=error msg="Unable to obtain ACME certificate for domains \"apps.max-paloma-babbie.xyz\": cannot get ACME client cloudflare: some credentials information are missing: CLOUDFLARE_EMAIL,CLOUDFLARE_API_KEY or some credentials information are missing: CLOUDFLARE_DNS_API_TOKEN,CLOUDFLARE_ZONE_API_TOKEN" rule="(Host(`apps.max-paloma-babbie.xyz` ) && PathPrefix(`/demoapps`))" providerName=letsencrypt.acme ACME CA="https://acme-v02.api.letsencrypt.org/directory" routerName=front2@docker
time="2023-11-09T22:53:48Z" level=error msg="Unable to obtain ACME certificate for domains \"apps.max-paloma-babbie.xyz\": cannot get ACME client cloudflare: some credentials information are missing: CLOUDFLARE_EMAIL,CLOUDFLARE_API_KEY or some credentials information are missing: CLOUDFLARE_DNS_API_TOKEN,CLOUDFLARE_ZONE_API_TOKEN" routerName=front2@docker rule="(Host(`apps.max-paloma-babbie.xyz` ) && PathPrefix(`/demoapps`))" providerName=letsencrypt.acme ACME CA="https://acme-v02.api.letsencrypt.org/directory"
time="2023-11-10T17:19:49Z" level=info msg="Testing certificate renew..." ACME CA="https://acme-v02.api.letsencrypt.org/directory" providerName=letsencrypt.acme
